2021-04-14 13:48:22,419 - main.py[line:54] - INFO: ------------------------------------
2021-04-14 13:48:22,419 - main.py[line:55] - INFO: Environment Versions:
2021-04-14 13:48:22,419 - main.py[line:56] - INFO: - Python: 3.5.2 (default, Jan 26 2021, 13:30:48) 
[GCC 5.4.0 20160609]
2021-04-14 13:48:22,419 - main.py[line:57] - INFO: - PyTorch: 1.1.0
2021-04-14 13:48:22,419 - main.py[line:58] - INFO: - TorchVison: 0.3.0
2021-04-14 13:48:22,419 - main.py[line:61] - INFO: ------------------------------------
2021-04-14 13:48:22,419 - main.py[line:62] - INFO: ECOfull Configurations:
2021-04-14 13:48:22,419 - main.py[line:64] - INFO: - print_freq: 10
2021-04-14 13:48:22,419 - main.py[line:64] - INFO: - net_model3D: None
2021-04-14 13:48:22,419 - main.py[line:64] - INFO: - resume: 
2021-04-14 13:48:22,419 - main.py[line:64] - INFO: - train_list: /media/hp/085d9636-47e0-4970-96d1-5bf4b5c53b4d/u421/user/cc/dataset/UCF_cut5s_frames/train_split_07.txt
2021-04-14 13:48:22,419 - main.py[line:64] - INFO: - dataset: UCF12
2021-04-14 13:48:22,420 - main.py[line:64] - INFO: - start_epoch: 0
2021-04-14 13:48:22,420 - main.py[line:64] - INFO: - rgb_prefix: 
2021-04-14 13:48:22,420 - main.py[line:64] - INFO: - clip_gradient: None
2021-04-14 13:48:22,420 - main.py[line:64] - INFO: - net_model: None
2021-04-14 13:48:22,420 - main.py[line:64] - INFO: - workers: 2
2021-04-14 13:48:22,420 - main.py[line:64] - INFO: - num_segments: 16
2021-04-14 13:48:22,420 - main.py[line:64] - INFO: - pretrained_parts: finetune
2021-04-14 13:48:22,420 - main.py[line:64] - INFO: - arch: ECOfull
2021-04-14 13:48:22,420 - main.py[line:64] - INFO: - epochs: 30
2021-04-14 13:48:22,420 - main.py[line:64] - INFO: - val_list: /media/hp/085d9636-47e0-4970-96d1-5bf4b5c53b4d/u421/user/cc/dataset/UCF_cut5s_frames/test_split_03.txt
2021-04-14 13:48:22,420 - main.py[line:64] - INFO: - weight_decay: 0.0005
2021-04-14 13:48:22,420 - main.py[line:64] - INFO: - lr: 0.0001
2021-04-14 13:48:22,420 - main.py[line:64] - INFO: - eval_freq: 5
2021-04-14 13:48:22,420 - main.py[line:64] - INFO: - net_modelECO: ./model/ECO_Full_rgb_model_Kinetics.pth.tar
2021-04-14 13:48:22,421 - main.py[line:64] - INFO: - num_saturate: 5
2021-04-14 13:48:22,421 - main.py[line:64] - INFO: - net_model2D: None
2021-04-14 13:48:22,421 - main.py[line:64] - INFO: - iter_size: 5
2021-04-14 13:48:22,421 - main.py[line:64] - INFO: - momentum: 0.9
2021-04-14 13:48:22,421 - main.py[line:64] - INFO: - dropout: 0.6
2021-04-14 13:48:22,421 - main.py[line:64] - INFO: - nesterov: False
2021-04-14 13:48:22,421 - main.py[line:64] - INFO: - k: 3
2021-04-14 13:48:22,421 - main.py[line:64] - INFO: - gpus: None
2021-04-14 13:48:22,421 - main.py[line:64] - INFO: - loss_type: nll
2021-04-14 13:48:22,421 - main.py[line:64] - INFO: - batch_size: 16
2021-04-14 13:48:22,421 - main.py[line:64] - INFO: - flow_prefix: 
2021-04-14 13:48:22,421 - main.py[line:64] - INFO: - consensus_type: avg
2021-04-14 13:48:22,421 - main.py[line:64] - INFO: - snapshot_pref: ./checkpoint/
2021-04-14 13:48:22,421 - main.py[line:64] - INFO: - no_partialbn: False
2021-04-14 13:48:22,421 - main.py[line:64] - INFO: - modality: RGB
2021-04-14 13:48:22,422 - main.py[line:64] - INFO: - lr_steps: [10, 20]
2021-04-14 13:48:22,422 - main.py[line:64] - INFO: - evaluate: False
2021-04-14 13:48:22,422 - main.py[line:65] - INFO: ------------------------------------
2021-04-14 13:48:27,250 - main.py[line:119] - INFO: DataParallel(
  (module): TSN(
    (base_model): ECOfull(
      (conv1_7x7_s2): Conv2d(3, 64, kernel_size=(7, 7), stride=(2, 2), padding=(3, 3))
      (conv1_7x7_s2_bn): BatchNorm2d(64, eps=1e-05, momentum=0.1, affine=True, track_running_stats=True)
      (conv1_relu_7x7): ReLU(inplace)
      (pool1_3x3_s2): MaxPool2d(kernel_size=3, stride=2, padding=0, dilation=1, ceil_mode=True)
      (conv2_3x3_reduce): Conv2d(64, 64, kernel_size=(1, 1), stride=(1, 1))
      (conv2_3x3_reduce_bn): BatchNorm2d(64, eps=1e-05, momentum=0.1, affine=True, track_running_stats=True)
      (conv2_relu_3x3_reduce): ReLU(inplace)
      (conv2_3x3): Conv2d(64, 192, kernel_size=(3, 3), stride=(1, 1), padding=(1, 1))
      (conv2_3x3_bn): BatchNorm2d(192, eps=1e-05, momentum=0.1, affine=True, track_running_stats=True)
      (conv2_relu_3x3): ReLU(inplace)
      (pool2_3x3_s2): MaxPool2d(kernel_size=3, stride=2, padding=0, dilation=1, ceil_mode=True)
      (inception_3a_1x1): Conv2d(192, 64, kernel_size=(1, 1), stride=(1, 1))
      (inception_3a_1x1_bn): BatchNorm2d(64, eps=1e-05, momentum=0.1, affine=True, track_running_stats=True)
      (inception_3a_relu_1x1): ReLU(inplace)
      (inception_3a_3x3_reduce): Conv2d(192, 64, kernel_size=(1, 1), stride=(1, 1))
      (inception_3a_3x3_reduce_bn): BatchNorm2d(64, eps=1e-05, momentum=0.1, affine=True, track_running_stats=True)
      (inception_3a_relu_3x3_reduce): ReLU(inplace)
      (inception_3a_3x3): Conv2d(64, 64, kernel_size=(3, 3), stride=(1, 1), padding=(1, 1))
      (inception_3a_3x3_bn): BatchNorm2d(64, eps=1e-05, momentum=0.1, affine=True, track_running_stats=True)
      (inception_3a_relu_3x3): ReLU(inplace)
      (inception_3a_double_3x3_reduce): Conv2d(192, 64, kernel_size=(1, 1), stride=(1, 1))
      (inception_3a_double_3x3_reduce_bn): BatchNorm2d(64, eps=1e-05, momentum=0.1, affine=True, track_running_stats=True)
      (inception_3a_relu_double_3x3_reduce): ReLU(inplace)
      (inception_3a_double_3x3_1): Conv2d(64, 96, kernel_size=(3, 3), stride=(1, 1), padding=(1, 1))
      (inception_3a_double_3x3_1_bn): BatchNorm2d(96, eps=1e-05, momentum=0.1, affine=True, track_running_stats=True)
      (inception_3a_relu_double_3x3_1): ReLU(inplace)
      (inception_3a_double_3x3_2): Conv2d(96, 96, kernel_size=(3, 3), stride=(1, 1), padding=(1, 1))
      (inception_3a_double_3x3_2_bn): BatchNorm2d(96, eps=1e-05, momentum=0.1, affine=True, track_running_stats=True)
      (inception_3a_relu_double_3x3_2): ReLU(inplace)
      (inception_3a_pool): AvgPool2d(kernel_size=3, stride=1, padding=1)
      (inception_3a_pool_proj): Conv2d(192, 32, kernel_size=(1, 1), stride=(1, 1))
      (inception_3a_pool_proj_bn): BatchNorm2d(32, eps=1e-05, momentum=0.1, affine=True, track_running_stats=True)
      (inception_3a_relu_pool_proj): ReLU(inplace)
      (inception_3b_1x1): Conv2d(256, 64, kernel_size=(1, 1), stride=(1, 1))
      (inception_3b_1x1_bn): BatchNorm2d(64, eps=1e-05, momentum=0.1, affine=True, track_running_stats=True)
      (inception_3b_relu_1x1): ReLU(inplace)
      (inception_3b_3x3_reduce): Conv2d(256, 64, kernel_size=(1, 1), stride=(1, 1))
      (inception_3b_3x3_reduce_bn): BatchNorm2d(64, eps=1e-05, momentum=0.1, affine=True, track_running_stats=True)
      (inception_3b_relu_3x3_reduce): ReLU(inplace)
      (inception_3b_3x3): Conv2d(64, 96, kernel_size=(3, 3), stride=(1, 1), padding=(1, 1))
      (inception_3b_3x3_bn): BatchNorm2d(96, eps=1e-05, momentum=0.1, affine=True, track_running_stats=True)
      (inception_3b_relu_3x3): ReLU(inplace)
      (inception_3b_double_3x3_reduce): Conv2d(256, 64, kernel_size=(1, 1), stride=(1, 1))
      (inception_3b_double_3x3_reduce_bn): BatchNorm2d(64, eps=1e-05, momentum=0.1, affine=True, track_running_stats=True)
      (inception_3b_relu_double_3x3_reduce): ReLU(inplace)
      (inception_3b_double_3x3_1): Conv2d(64, 96, kernel_size=(3, 3), stride=(1, 1), padding=(1, 1))
      (inception_3b_double_3x3_1_bn): BatchNorm2d(96, eps=1e-05, momentum=0.1, affine=True, track_running_stats=True)
      (inception_3b_relu_double_3x3_1): ReLU(inplace)
      (inception_3b_double_3x3_2): Conv2d(96, 96, kernel_size=(3, 3), stride=(1, 1), padding=(1, 1))
      (inception_3b_double_3x3_2_bn): BatchNorm2d(96, eps=1e-05, momentum=0.1, affine=True, track_running_stats=True)
      (inception_3b_relu_double_3x3_2): ReLU(inplace)
      (inception_3b_pool): AvgPool2d(kernel_size=3, stride=1, padding=1)
      (inception_3b_pool_proj): Conv2d(256, 64, kernel_size=(1, 1), stride=(1, 1))
      (inception_3b_pool_proj_bn): BatchNorm2d(64, eps=1e-05, momentum=0.1, affine=True, track_running_stats=True)
      (inception_3b_relu_pool_proj): ReLU(inplace)
      (inception_3c_3x3_reduce): Conv2d(320, 128, kernel_size=(1, 1), stride=(1, 1))
      (inception_3c_3x3_reduce_bn): BatchNorm2d(128, eps=1e-05, momentum=0.1, affine=True, track_running_stats=True)
      (inception_3c_relu_3x3_reduce): ReLU(inplace)
      (inception_3c_3x3): Conv2d(128, 160, kernel_size=(3, 3), stride=(2, 2), padding=(1, 1))
      (inception_3c_3x3_bn): BatchNorm2d(160, eps=1e-05, momentum=0.1, affine=True, track_running_stats=True)
      (inception_3c_relu_3x3): ReLU(inplace)
      (inception_3c_double_3x3_reduce): Conv2d(320, 64, kernel_size=(1, 1), stride=(1, 1))
      (inception_3c_double_3x3_reduce_bn): BatchNorm2d(64, eps=1e-05, momentum=0.1, affine=True, track_running_stats=True)
      (inception_3c_relu_double_3x3_reduce): ReLU(inplace)
      (inception_3c_double_3x3_1): Conv2d(64, 96, kernel_size=(3, 3), stride=(1, 1), padding=(1, 1))
      (inception_3c_double_3x3_1_bn): BatchNorm2d(96, eps=1e-05, momentum=0.1, affine=True, track_running_stats=True)
      (inception_3c_relu_double_3x3_1): ReLU(inplace)
      (res3a_2): Conv3d(96, 128, kernel_size=(3, 3, 3), stride=(1, 1, 1), padding=(1, 1, 1))
      (res3a_bn): BatchNorm3d(128, eps=1e-05, momentum=0.1, affine=True, track_running_stats=True)
      (res3a_relu): ReLU(inplace)
      (res3b_1): Conv3d(128, 128, kernel_size=(3, 3, 3), stride=(1, 1, 1), padding=(1, 1, 1))
      (res3b_1_bn): BatchNorm3d(128, eps=1e-05, momentum=0.1, affine=True, track_running_stats=True)
      (res3b_1_relu): ReLU(inplace)
      (res3b_2): Conv3d(128, 128, kernel_size=(3, 3, 3), stride=(1, 1, 1), padding=(1, 1, 1))
      (res3b_bn): BatchNorm3d(128, eps=1e-05, momentum=0.1, affine=True, track_running_stats=True)
      (res3b_relu): ReLU(inplace)
      (res4a_1): Conv3d(128, 256, kernel_size=(3, 3, 3), stride=(2, 2, 2), padding=(1, 1, 1))
      (res4a_1_bn): BatchNorm3d(256, eps=1e-05, momentum=0.1, affine=True, track_running_stats=True)
      (res4a_1_relu): ReLU(inplace)
      (res4a_2): Conv3d(256, 256, kernel_size=(3, 3, 3), stride=(1, 1, 1), padding=(1, 1, 1))
      (res4a_down): Conv3d(128, 256, kernel_size=(3, 3, 3), stride=(2, 2, 2), padding=(1, 1, 1))
      (res4a_bn): BatchNorm3d(256, eps=1e-05, momentum=0.1, affine=True, track_running_stats=True)
      (res4a_relu): ReLU(inplace)
      (res4b_1): Conv3d(256, 256, kernel_size=(3, 3, 3), stride=(1, 1, 1), padding=(1, 1, 1))
      (res4b_1_bn): BatchNorm3d(256, eps=1e-05, momentum=0.1, affine=True, track_running_stats=True)
      (res4b_1_relu): ReLU(inplace)
      (res4b_2): Conv3d(256, 256, kernel_size=(3, 3, 3), stride=(1, 1, 1), padding=(1, 1, 1))
      (res4b_bn): BatchNorm3d(256, eps=1e-05, momentum=0.1, affine=True, track_running_stats=True)
      (res4b_relu): ReLU(inplace)
      (res5a_1): Conv3d(256, 512, kernel_size=(3, 3, 3), stride=(2, 2, 2), padding=(1, 1, 1))
      (res5a_1_bn): BatchNorm3d(512, eps=1e-05, momentum=0.1, affine=True, track_running_stats=True)
      (res5a_1_relu): ReLU(inplace)
      (res5a_2): Conv3d(512, 512, kernel_size=(3, 3, 3), stride=(1, 1, 1), padding=(1, 1, 1))
      (res5a_down): Conv3d(256, 512, kernel_size=(3, 3, 3), stride=(2, 2, 2), padding=(1, 1, 1))
      (res5a_bn): BatchNorm3d(512, eps=1e-05, momentum=0.1, affine=True, track_running_stats=True)
      (res5a_relu): ReLU(inplace)
      (res5b_1): Conv3d(512, 512, kernel_size=(3, 3, 3), stride=(1, 1, 1), padding=(1, 1, 1))
      (res5b_1_bn): BatchNorm3d(512, eps=1e-05, momentum=0.1, affine=True, track_running_stats=True)
      (res5b_1_relu): ReLU(inplace)
      (res5b_2): Conv3d(512, 512, kernel_size=(3, 3, 3), stride=(1, 1, 1), padding=(1, 1, 1))
      (res5b_bn): BatchNorm3d(512, eps=1e-05, momentum=0.1, affine=True, track_running_stats=True)
      (res5b_relu): ReLU(inplace)
      (inception_3c_double_3x3_2): Conv2d(96, 96, kernel_size=(3, 3), stride=(2, 2), padding=(1, 1))
      (inception_3c_double_3x3_2_bn): BatchNorm2d(96, eps=1e-05, momentum=0.1, affine=True, track_running_stats=True)
      (inception_3c_relu_double_3x3_2): ReLU(inplace)
      (inception_3c_pool): MaxPool2d(kernel_size=3, stride=2, padding=0, dilation=1, ceil_mode=True)
      (inception_4a_1x1): Conv2d(576, 224, kernel_size=(1, 1), stride=(1, 1))
      (inception_4a_1x1_bn): BatchNorm2d(224, eps=1e-05, momentum=0.1, affine=True, track_running_stats=True)
      (inception_4a_relu_1x1): ReLU(inplace)
      (inception_4a_3x3_reduce): Conv2d(576, 64, kernel_size=(1, 1), stride=(1, 1))
      (inception_4a_3x3_reduce_bn): BatchNorm2d(64, eps=1e-05, momentum=0.1, affine=True, track_running_stats=True)
      (inception_4a_relu_3x3_reduce): ReLU(inplace)
      (inception_4a_3x3): Conv2d(64, 96, kernel_size=(3, 3), stride=(1, 1), padding=(1, 1))
      (inception_4a_3x3_bn): BatchNorm2d(96, eps=1e-05, momentum=0.1, affine=True, track_running_stats=True)
      (inception_4a_relu_3x3): ReLU(inplace)
      (inception_4a_double_3x3_reduce): Conv2d(576, 96, kernel_size=(1, 1), stride=(1, 1))
      (inception_4a_double_3x3_reduce_bn): BatchNorm2d(96, eps=1e-05, momentum=0.1, affine=True, track_running_stats=True)
      (inception_4a_relu_double_3x3_reduce): ReLU(inplace)
      (inception_4a_double_3x3_1): Conv2d(96, 128, kernel_size=(3, 3), stride=(1, 1), padding=(1, 1))
      (inception_4a_double_3x3_1_bn): BatchNorm2d(128, eps=1e-05, momentum=0.1, affine=True, track_running_stats=True)
      (inception_4a_relu_double_3x3_1): ReLU(inplace)
      (inception_4a_double_3x3_2): Conv2d(128, 128, kernel_size=(3, 3), stride=(1, 1), padding=(1, 1))
      (inception_4a_double_3x3_2_bn): BatchNorm2d(128, eps=1e-05, momentum=0.1, affine=True, track_running_stats=True)
      (inception_4a_relu_double_3x3_2): ReLU(inplace)
      (inception_4a_pool): AvgPool2d(kernel_size=3, stride=1, padding=1)
      (inception_4a_pool_proj): Conv2d(576, 128, kernel_size=(1, 1), stride=(1, 1))
      (inception_4a_pool_proj_bn): BatchNorm2d(128, eps=1e-05, momentum=0.1, affine=True, track_running_stats=True)
      (inception_4a_relu_pool_proj): ReLU(inplace)
      (inception_4b_1x1): Conv2d(576, 192, kernel_size=(1, 1), stride=(1, 1))
      (inception_4b_1x1_bn): BatchNorm2d(192, eps=1e-05, momentum=0.1, affine=True, track_running_stats=True)
      (inception_4b_relu_1x1): ReLU(inplace)
      (inception_4b_3x3_reduce): Conv2d(576, 96, kernel_size=(1, 1), stride=(1, 1))
      (inception_4b_3x3_reduce_bn): BatchNorm2d(96, eps=1e-05, momentum=0.1, affine=True, track_running_stats=True)
      (inception_4b_relu_3x3_reduce): ReLU(inplace)
      (inception_4b_3x3): Conv2d(96, 128, kernel_size=(3, 3), stride=(1, 1), padding=(1, 1))
      (inception_4b_3x3_bn): BatchNorm2d(128, eps=1e-05, momentum=0.1, affine=True, track_running_stats=True)
      (inception_4b_relu_3x3): ReLU(inplace)
      (inception_4b_double_3x3_reduce): Conv2d(576, 96, kernel_size=(1, 1), stride=(1, 1))
      (inception_4b_double_3x3_reduce_bn): BatchNorm2d(96, eps=1e-05, momentum=0.1, affine=True, track_running_stats=True)
      (inception_4b_relu_double_3x3_reduce): ReLU(inplace)
      (inception_4b_double_3x3_1): Conv2d(96, 128, kernel_size=(3, 3), stride=(1, 1), padding=(1, 1))
      (inception_4b_double_3x3_1_bn): BatchNorm2d(128, eps=1e-05, momentum=0.1, affine=True, track_running_stats=True)
      (inception_4b_relu_double_3x3_1): ReLU(inplace)
      (inception_4b_double_3x3_2): Conv2d(128, 128, kernel_size=(3, 3), stride=(1, 1), padding=(1, 1))
      (inception_4b_double_3x3_2_bn): BatchNorm2d(128, eps=1e-05, momentum=0.1, affine=True, track_running_stats=True)
      (inception_4b_relu_double_3x3_2): ReLU(inplace)
      (inception_4b_pool): AvgPool2d(kernel_size=3, stride=1, padding=1)
      (inception_4b_pool_proj): Conv2d(576, 128, kernel_size=(1, 1), stride=(1, 1))
      (inception_4b_pool_proj_bn): BatchNorm2d(128, eps=1e-05, momentum=0.1, affine=True, track_running_stats=True)
      (inception_4b_relu_pool_proj): ReLU(inplace)
      (inception_4c_1x1): Conv2d(576, 160, kernel_size=(1, 1), stride=(1, 1))
      (inception_4c_1x1_bn): BatchNorm2d(160, eps=1e-05, momentum=0.1, affine=True, track_running_stats=True)
      (inception_4c_relu_1x1): ReLU(inplace)
      (inception_4c_3x3_reduce): Conv2d(576, 128, kernel_size=(1, 1), stride=(1, 1))
      (inception_4c_3x3_reduce_bn): BatchNorm2d(128, eps=1e-05, momentum=0.1, affine=True, track_running_stats=True)
      (inception_4c_relu_3x3_reduce): ReLU(inplace)
      (inception_4c_3x3): Conv2d(128, 160, kernel_size=(3, 3), stride=(1, 1), padding=(1, 1))
      (inception_4c_3x3_bn): BatchNorm2d(160, eps=1e-05, momentum=0.1, affine=True, track_running_stats=True)
      (inception_4c_relu_3x3): ReLU(inplace)
      (inception_4c_double_3x3_reduce): Conv2d(576, 128, kernel_size=(1, 1), stride=(1, 1))
      (inception_4c_double_3x3_reduce_bn): BatchNorm2d(128, eps=1e-05, momentum=0.1, affine=True, track_running_stats=True)
      (inception_4c_relu_double_3x3_reduce): ReLU(inplace)
      (inception_4c_double_3x3_1): Conv2d(128, 160, kernel_size=(3, 3), stride=(1, 1), padding=(1, 1))
      (inception_4c_double_3x3_1_bn): BatchNorm2d(160, eps=1e-05, momentum=0.1, affine=True, track_running_stats=True)
      (inception_4c_relu_double_3x3_1): ReLU(inplace)
      (inception_4c_double_3x3_2): Conv2d(160, 160, kernel_size=(3, 3), stride=(1, 1), padding=(1, 1))
      (inception_4c_double_3x3_2_bn): BatchNorm2d(160, eps=1e-05, momentum=0.1, affine=True, track_running_stats=True)
      (inception_4c_relu_double_3x3_2): ReLU(inplace)
      (inception_4c_pool): AvgPool2d(kernel_size=3, stride=1, padding=1)
      (inception_4c_pool_proj): Conv2d(576, 128, kernel_size=(1, 1), stride=(1, 1))
      (inception_4c_pool_proj_bn): BatchNorm2d(128, eps=1e-05, momentum=0.1, affine=True, track_running_stats=True)
      (inception_4c_relu_pool_proj): ReLU(inplace)
      (inception_4d_1x1): Conv2d(608, 96, kernel_size=(1, 1), stride=(1, 1))
      (inception_4d_1x1_bn): BatchNorm2d(96, eps=1e-05, momentum=0.1, affine=True, track_running_stats=True)
      (inception_4d_relu_1x1): ReLU(inplace)
      (inception_4d_3x3_reduce): Conv2d(608, 128, kernel_size=(1, 1), stride=(1, 1))
      (inception_4d_3x3_reduce_bn): BatchNorm2d(128, eps=1e-05, momentum=0.1, affine=True, track_running_stats=True)
      (inception_4d_relu_3x3_reduce): ReLU(inplace)
      (inception_4d_3x3): Conv2d(128, 192, kernel_size=(3, 3), stride=(1, 1), padding=(1, 1))
      (inception_4d_3x3_bn): BatchNorm2d(192, eps=1e-05, momentum=0.1, affine=True, track_running_stats=True)
      (inception_4d_relu_3x3): ReLU(inplace)
      (inception_4d_double_3x3_reduce): Conv2d(608, 160, kernel_size=(1, 1), stride=(1, 1))
      (inception_4d_double_3x3_reduce_bn): BatchNorm2d(160, eps=1e-05, momentum=0.1, affine=True, track_running_stats=True)
      (inception_4d_relu_double_3x3_reduce): ReLU(inplace)
      (inception_4d_double_3x3_1): Conv2d(160, 192, kernel_size=(3, 3), stride=(1, 1), padding=(1, 1))
      (inception_4d_double_3x3_1_bn): BatchNorm2d(192, eps=1e-05, momentum=0.1, affine=True, track_running_stats=True)
      (inception_4d_relu_double_3x3_1): ReLU(inplace)
      (inception_4d_double_3x3_2): Conv2d(192, 192, kernel_size=(3, 3), stride=(1, 1), padding=(1, 1))
      (inception_4d_double_3x3_2_bn): BatchNorm2d(192, eps=1e-05, momentum=0.1, affine=True, track_running_stats=True)
      (inception_4d_relu_double_3x3_2): ReLU(inplace)
      (inception_4d_pool): AvgPool2d(kernel_size=3, stride=1, padding=1)
      (inception_4d_pool_proj): Conv2d(608, 128, kernel_size=(1, 1), stride=(1, 1))
      (inception_4d_pool_proj_bn): BatchNorm2d(128, eps=1e-05, momentum=0.1, affine=True, track_running_stats=True)
      (inception_4d_relu_pool_proj): ReLU(inplace)
      (inception_4e_3x3_reduce): Conv2d(608, 128, kernel_size=(1, 1), stride=(1, 1))
      (inception_4e_3x3_reduce_bn): BatchNorm2d(128, eps=1e-05, momentum=0.1, affine=True, track_running_stats=True)
      (inception_4e_relu_3x3_reduce): ReLU(inplace)
      (inception_4e_3x3): Conv2d(128, 192, kernel_size=(3, 3), stride=(2, 2), padding=(1, 1))
      (inception_4e_3x3_bn): BatchNorm2d(192, eps=1e-05, momentum=0.1, affine=True, track_running_stats=True)
      (inception_4e_relu_3x3): ReLU(inplace)
      (inception_4e_double_3x3_reduce): Conv2d(608, 192, kernel_size=(1, 1), stride=(1, 1))
      (inception_4e_double_3x3_reduce_bn): BatchNorm2d(192, eps=1e-05, momentum=0.1, affine=True, track_running_stats=True)
      (inception_4e_relu_double_3x3_reduce): ReLU(inplace)
      (inception_4e_double_3x3_1): Conv2d(192, 256, kernel_size=(3, 3), stride=(1, 1), padding=(1, 1))
      (inception_4e_double_3x3_1_bn): BatchNorm2d(256, eps=1e-05, momentum=0.1, affine=True, track_running_stats=True)
      (inception_4e_relu_double_3x3_1): ReLU(inplace)
      (inception_4e_double_3x3_2): Conv2d(256, 256, kernel_size=(3, 3), stride=(2, 2), padding=(1, 1))
      (inception_4e_double_3x3_2_bn): BatchNorm2d(256, eps=1e-05, momentum=0.1, affine=True, track_running_stats=True)
      (inception_4e_relu_double_3x3_2): ReLU(inplace)
      (inception_4e_pool): MaxPool2d(kernel_size=3, stride=2, padding=0, dilation=1, ceil_mode=True)
      (inception_5a_1x1): Conv2d(1056, 352, kernel_size=(1, 1), stride=(1, 1))
      (inception_5a_1x1_bn): BatchNorm2d(352, eps=1e-05, momentum=0.1, affine=True, track_running_stats=True)
      (inception_5a_relu_1x1): ReLU(inplace)
      (inception_5a_3x3_reduce): Conv2d(1056, 192, kernel_size=(1, 1), stride=(1, 1))
      (inception_5a_3x3_reduce_bn): BatchNorm2d(192, eps=1e-05, momentum=0.1, affine=True, track_running_stats=True)
      (inception_5a_relu_3x3_reduce): ReLU(inplace)
      (inception_5a_3x3): Conv2d(192, 320, kernel_size=(3, 3), stride=(1, 1), padding=(1, 1))
      (inception_5a_3x3_bn): BatchNorm2d(320, eps=1e-05, momentum=0.1, affine=True, track_running_stats=True)
      (inception_5a_relu_3x3): ReLU(inplace)
      (inception_5a_double_3x3_reduce): Conv2d(1056, 160, kernel_size=(1, 1), stride=(1, 1))
      (inception_5a_double_3x3_reduce_bn): BatchNorm2d(160, eps=1e-05, momentum=0.1, affine=True, track_running_stats=True)
      (inception_5a_relu_double_3x3_reduce): ReLU(inplace)
      (inception_5a_double_3x3_1): Conv2d(160, 224, kernel_size=(3, 3), stride=(1, 1), padding=(1, 1))
      (inception_5a_double_3x3_1_bn): BatchNorm2d(224, eps=1e-05, momentum=0.1, affine=True, track_running_stats=True)
      (inception_5a_relu_double_3x3_1): ReLU(inplace)
      (inception_5a_double_3x3_2): Conv2d(224, 224, kernel_size=(3, 3), stride=(1, 1), padding=(1, 1))
      (inception_5a_double_3x3_2_bn): BatchNorm2d(224, eps=1e-05, momentum=0.1, affine=True, track_running_stats=True)
      (inception_5a_relu_double_3x3_2): ReLU(inplace)
      (inception_5a_pool): AvgPool2d(kernel_size=3, stride=1, padding=1)
      (inception_5a_pool_proj): Conv2d(1056, 128, kernel_size=(1, 1), stride=(1, 1))
      (inception_5a_pool_proj_bn): BatchNorm2d(128, eps=1e-05, momentum=0.1, affine=True, track_running_stats=True)
      (inception_5a_relu_pool_proj): ReLU(inplace)
      (inception_5b_1x1): Conv2d(1024, 352, kernel_size=(1, 1), stride=(1, 1))
      (inception_5b_1x1_bn): BatchNorm2d(352, eps=1e-05, momentum=0.1, affine=True, track_running_stats=True)
      (inception_5b_relu_1x1): ReLU(inplace)
      (inception_5b_3x3_reduce): Conv2d(1024, 192, kernel_size=(1, 1), stride=(1, 1))
      (inception_5b_3x3_reduce_bn): BatchNorm2d(192, eps=1e-05, momentum=0.1, affine=True, track_running_stats=True)
      (inception_5b_relu_3x3_reduce): ReLU(inplace)
      (inception_5b_3x3): Conv2d(192, 320, kernel_size=(3, 3), stride=(1, 1), padding=(1, 1))
      (inception_5b_3x3_bn): BatchNorm2d(320, eps=1e-05, momentum=0.1, affine=True, track_running_stats=True)
      (inception_5b_relu_3x3): ReLU(inplace)
      (inception_5b_double_3x3_reduce): Conv2d(1024, 192, kernel_size=(1, 1), stride=(1, 1))
      (inception_5b_double_3x3_reduce_bn): BatchNorm2d(192, eps=1e-05, momentum=0.1, affine=True, track_running_stats=True)
      (inception_5b_relu_double_3x3_reduce): ReLU(inplace)
      (inception_5b_double_3x3_1): Conv2d(192, 224, kernel_size=(3, 3), stride=(1, 1), padding=(1, 1))
      (inception_5b_double_3x3_1_bn): BatchNorm2d(224, eps=1e-05, momentum=0.1, affine=True, track_running_stats=True)
      (inception_5b_relu_double_3x3_1): ReLU(inplace)
      (inception_5b_double_3x3_2): Conv2d(224, 224, kernel_size=(3, 3), stride=(1, 1), padding=(1, 1))
      (inception_5b_double_3x3_2_bn): BatchNorm2d(224, eps=1e-05, momentum=0.1, affine=True, track_running_stats=True)
      (inception_5b_relu_double_3x3_2): ReLU(inplace)
      (inception_5b_pool): MaxPool2d(kernel_size=3, stride=1, padding=1, dilation=1, ceil_mode=True)
      (inception_5b_pool_proj): Conv2d(1024, 128, kernel_size=(1, 1), stride=(1, 1))
      (inception_5b_pool_proj_bn): BatchNorm2d(128, eps=1e-05, momentum=0.1, affine=True, track_running_stats=True)
      (inception_5b_relu_pool_proj): ReLU(inplace)
      (global_pool2D_pre): AvgPool2d(kernel_size=7, stride=1, padding=0)
      (global_pool2D_pre_drop): Dropout(p=0.5)
      (global_pool2D_reshape_consensus): AvgPool3d(kernel_size=(16, 1, 1), stride=1, padding=0)
      (global_pool3D): AvgPool3d(kernel_size=(4, 7, 7), stride=1, padding=0)
      (global_pool3D_drop): Dropout(p=0.3)
      (fc_final): Dropout(p=0.6)
    )
    (new_fc): Linear(in_features=1536, out_features=12, bias=True)
    (consensus): ConsensusModule()
  )
)
2021-04-14 13:48:27,260 - main.py[line:120] - INFO: finetune
2021-04-14 13:48:27,261 - main.py[line:395] - INFO: ./model/ECO_Full_rgb_model_Kinetics.pth.tar
2021-04-14 13:48:27,261 - main.py[line:396] - INFO: 88888888888888888888888888888888888888888888888888888888888888888888888888888888
2021-04-14 13:48:27,410 - main.py[line:399] - INFO: => loading model-finetune: './model/ECO_Full_rgb_model_Kinetics.pth.tar'
2021-04-14 13:48:27,411 - main.py[line:405] - INFO: **************************************************
2021-04-14 13:48:27,411 - main.py[line:406] - INFO: Start finetuning ..
2021-04-14 13:48:27,411 - main.py[line:152] - INFO: ['module.new_fc.weight', 'module.new_fc.bias']
2021-04-14 13:48:27,412 - main.py[line:153] - INFO: 
------------------------------------
2021-04-14 13:48:27,412 - main.py[line:162] - INFO: module.new_fc.weight init as: xavier
2021-04-14 13:48:27,412 - main.py[line:165] - INFO: module.new_fc.bias init as: 0
2021-04-14 13:48:27,412 - main.py[line:168] - INFO: ------------------------------------
2021-04-14 13:48:27,481 - main.py[line:229] - INFO: group: first_3d_conv_weight has 1 params, lr_mult: 1, decay_mult: 1
2021-04-14 13:48:27,482 - main.py[line:229] - INFO: group: first_3d_conv_bias has 1 params, lr_mult: 2, decay_mult: 0
2021-04-14 13:48:27,482 - main.py[line:229] - INFO: group: normal_weight has 82 params, lr_mult: 1, decay_mult: 1
2021-04-14 13:48:27,482 - main.py[line:229] - INFO: group: normal_bias has 82 params, lr_mult: 2, decay_mult: 0
2021-04-14 13:48:27,482 - main.py[line:229] - INFO: group: BN scale/shift has 2 params, lr_mult: 1, decay_mult: 0
2021-04-14 13:48:47,800 - main.py[line:528] - INFO: Epoch: [0][4/500], lr: 0.0001000	Time 0.90 (4.79)	UTime 2021/04/14-13:48:46 	Data 0.00 (0.95)	Loss 4.550 (2.680)	Prec@1 12.50 (13.75)	Prec@5 56.25 (53.75)
